Analysis & Synthesis report for ECIDME_Pro
Tue Aug 04 16:43:54 2020
Quartus II 64-Bit Version 15.0.0 Build 145 04/22/2015 SJ Full Version


---------------------
; Table of Contents ;
---------------------
  1. Legal Notice
  2. Analysis & Synthesis Summary
  3. Analysis & Synthesis Settings
  4. Parallel Compilation
  5. Analysis & Synthesis Source Files Read
  6. Analysis & Synthesis Resource Usage Summary
  7. Analysis & Synthesis Resource Utilization by Entity
  8. State Machine - |ECIDME_Pro|PHASE_FALLING_PRESENT_STATE
  9. State Machine - |ECIDME_Pro|PHASE_RISING_PRESENT_STATE
 10. Registers Removed During Synthesis
 11. General Register Statistics
 12. Inverted Register Statistics
 13. Multiplexer Restructuring Statistics (Restructuring Performed)
 14. Parameter Settings for User Entity Instance: Top-level Entity: |ECIDME_Pro
 15. Post-Synthesis Netlist Statistics for Top Partition
 16. Elapsed Time Per Partition
 17. Analysis & Synthesis Messages
 18. Analysis & Synthesis Suppressed Messages



----------------
; Legal Notice ;
----------------
Copyright (C) 1991-2015 Altera Corporation. All rights reserved.
Your use of Altera Corporation's design tools, logic functions 
and other software and tools, and its AMPP partner logic 
functions, and any output files from any of the foregoing 
(including device programming or simulation files), and any 
associated documentation or information are expressly subject 
to the terms and conditions of the Altera Program License 
Subscription Agreement, the Altera Quartus II License Agreement,
the Altera MegaCore Function License Agreement, or other 
applicable license agreement, including, without limitation, 
that your use is for the sole purpose of programming logic 
devices manufactured by Altera and sold by Altera or its 
authorized distributors.  Please refer to the applicable 
agreement for further details.



+----------------------------------------------------------------------------------+
; Analysis & Synthesis Summary                                                     ;
+------------------------------------+---------------------------------------------+
; Analysis & Synthesis Status        ; Successful - Tue Aug 04 16:43:54 2020       ;
; Quartus II 64-Bit Version          ; 15.0.0 Build 145 04/22/2015 SJ Full Version ;
; Revision Name                      ; ECIDME_Pro                                  ;
; Top-level Entity Name              ; ECIDME_Pro                                  ;
; Family                             ; MAX 10                                      ;
; Total logic elements               ; 557                                         ;
;     Total combinational functions  ; 449                                         ;
;     Dedicated logic registers      ; 359                                         ;
; Total registers                    ; 359                                         ;
; Total pins                         ; 54                                          ;
; Total virtual pins                 ; 0                                           ;
; Total memory bits                  ; 0                                           ;
; Embedded Multiplier 9-bit elements ; 0                                           ;
; Total PLLs                         ; 0                                           ;
; UFM blocks                         ; 0                                           ;
; ADC blocks                         ; 0                                           ;
+------------------------------------+---------------------------------------------+


+----------------------------------------------------------------------------------------------------------------------+
; Analysis & Synthesis Settings                                                                                        ;
+----------------------------------------------------------------------------+--------------------+--------------------+
; Option                                                                     ; Setting            ; Default Value      ;
+----------------------------------------------------------------------------+--------------------+--------------------+
; Device                                                                     ; 10M08SAE144C8GES   ;                    ;
; Top-level entity name                                                      ; ECIDME_Pro         ; ECIDME_Pro         ;
; Family name                                                                ; MAX 10             ; Cyclone V          ;
; Use smart compilation                                                      ; Off                ; Off                ;
; Enable parallel Assembler and TimeQuest Timing Analyzer during compilation ; On                 ; On                 ;
; Enable compact report table                                                ; Off                ; Off                ;
; Restructure Multiplexers                                                   ; Auto               ; Auto               ;
; Create Debugging Nodes for IP Cores                                        ; Off                ; Off                ;
; Preserve fewer node names                                                  ; On                 ; On                 ;
; Disable OpenCore Plus hardware evaluation                                  ; Off                ; Off                ;
; Verilog Version                                                            ; Verilog_2001       ; Verilog_2001       ;
; VHDL Version                                                               ; VHDL_1993          ; VHDL_1993          ;
; State Machine Processing                                                   ; Auto               ; Auto               ;
; Safe State Machine                                                         ; Off                ; Off                ;
; Extract Verilog State Machines                                             ; On                 ; On                 ;
; Extract VHDL State Machines                                                ; On                 ; On                 ;
; Ignore Verilog initial constructs                                          ; Off                ; Off                ;
; Iteration limit for constant Verilog loops                                 ; 5000               ; 5000               ;
; Iteration limit for non-constant Verilog loops                             ; 250                ; 250                ;
; Add Pass-Through Logic to Inferred RAMs                                    ; On                 ; On                 ;
; Infer RAMs from Raw Logic                                                  ; On                 ; On                 ;
; Parallel Synthesis                                                         ; On                 ; On                 ;
; DSP Block Balancing                                                        ; Auto               ; Auto               ;
; NOT Gate Push-Back                                                         ; On                 ; On                 ;
; Power-Up Don't Care                                                        ; On                 ; On                 ;
; Remove Redundant Logic Cells                                               ; Off                ; Off                ;
; Remove Duplicate Registers                                                 ; On                 ; On                 ;
; Ignore CARRY Buffers                                                       ; Off                ; Off                ;
; Ignore CASCADE Buffers                                                     ; Off                ; Off                ;
; Ignore GLOBAL Buffers                                                      ; Off                ; Off                ;
; Ignore ROW GLOBAL Buffers                                                  ; Off                ; Off                ;
; Ignore LCELL Buffers                                                       ; Off                ; Off                ;
; Ignore SOFT Buffers                                                        ; On                 ; On                 ;
; Limit AHDL Integers to 32 Bits                                             ; Off                ; Off                ;
; Optimization Technique                                                     ; Balanced           ; Balanced           ;
; Carry Chain Length                                                         ; 70                 ; 70                 ;
; Auto Carry Chains                                                          ; On                 ; On                 ;
; Auto Open-Drain Pins                                                       ; On                 ; On                 ;
; Perform WYSIWYG Primitive Resynthesis                                      ; Off                ; Off                ;
; Auto ROM Replacement                                                       ; On                 ; On                 ;
; Auto RAM Replacement                                                       ; On                 ; On                 ;
; Auto DSP Block Replacement                                                 ; On                 ; On                 ;
; Auto Shift Register Replacement                                            ; Auto               ; Auto               ;
; Allow Shift Register Merging across Hierarchies                            ; Auto               ; Auto               ;
; Auto Clock Enable Replacement                                              ; On                 ; On                 ;
; Strict RAM Replacement                                                     ; Off                ; Off                ;
; Allow Synchronous Control Signals                                          ; On                 ; On                 ;
; Force Use of Synchronous Clear Signals                                     ; Off                ; Off                ;
; Auto RAM Block Balancing                                                   ; On                 ; On                 ;
; Auto RAM to Logic Cell Conversion                                          ; Off                ; Off                ;
; Auto Resource Sharing                                                      ; Off                ; Off                ;
; Allow Any RAM Size For Recognition                                         ; Off                ; Off                ;
; Allow Any ROM Size For Recognition                                         ; Off                ; Off                ;
; Allow Any Shift Register Size For Recognition                              ; Off                ; Off                ;
; Use LogicLock Constraints during Resource Balancing                        ; On                 ; On                 ;
; Ignore translate_off and synthesis_off directives                          ; Off                ; Off                ;
; Timing-Driven Synthesis                                                    ; On                 ; On                 ;
; Report Parameter Settings                                                  ; On                 ; On                 ;
; Report Source Assignments                                                  ; On                 ; On                 ;
; Report Connectivity Checks                                                 ; On                 ; On                 ;
; Ignore Maximum Fan-Out Assignments                                         ; Off                ; Off                ;
; Synchronization Register Chain Length                                      ; 2                  ; 2                  ;
; PowerPlay Power Optimization During Synthesis                              ; Normal compilation ; Normal compilation ;
; HDL message level                                                          ; Level2             ; Level2             ;
; Suppress Register Optimization Related Messages                            ; Off                ; Off                ;
; Number of Removed Registers Reported in Synthesis Report                   ; 5000               ; 5000               ;
; Number of Swept Nodes Reported in Synthesis Report                         ; 5000               ; 5000               ;
; Number of Inverted Registers Reported in Synthesis Report                  ; 100                ; 100                ;
; Clock MUX Protection                                                       ; On                 ; On                 ;
; Auto Gated Clock Conversion                                                ; Off                ; Off                ;
; Block Design Naming                                                        ; Auto               ; Auto               ;
; SDC constraint protection                                                  ; Off                ; Off                ;
; Synthesis Effort                                                           ; Auto               ; Auto               ;
; Shift Register Replacement - Allow Asynchronous Clear Signal               ; On                 ; On                 ;
; Pre-Mapping Resynthesis Optimization                                       ; Off                ; Off                ;
; Analysis & Synthesis Message Level                                         ; Medium             ; Medium             ;
; Disable Register Merging Across Hierarchies                                ; Auto               ; Auto               ;
; Resource Aware Inference For Block RAM                                     ; On                 ; On                 ;
; Synthesis Seed                                                             ; 1                  ; 1                  ;
+----------------------------------------------------------------------------+--------------------+--------------------+


+------------------------------------------+
; Parallel Compilation                     ;
+----------------------------+-------------+
; Processors                 ; Number      ;
+----------------------------+-------------+
; Number detected on machine ; 4           ;
; Maximum allowed            ; 4           ;
;                            ;             ;
; Average used               ; 1.00        ;
; Maximum used               ; 1           ;
;                            ;             ;
; Usage by Processor         ; % Time Used ;
;     Processor 1            ; 100.0%      ;
;     Processors 2-4         ;   0.0%      ;
+----------------------------+-------------+


+--------------------------------------------------------------------------------------------------------------------------------------------------------------------------------------------+
; Analysis & Synthesis Source Files Read                                                                                                                                                     ;
+----------------------------------+-----------------+------------------------+----------------------------------------------------------------------------------------------------+---------+
; File Name with User-Entered Path ; Used in Netlist ; File Type              ; File Name with Absolute Path                                                                       ; Library ;
+----------------------------------+-----------------+------------------------+----------------------------------------------------------------------------------------------------+---------+
; Src/ECIDME_Pro.v                 ; yes             ; User Verilog HDL File  ; F:/Ecidme/project_vhdl2verilog/project_vhdl2verilog/Project/ECIDME_Pro/ECIDME_Pro/Src/ECIDME_Pro.v ;         ;
+----------------------------------+-----------------+------------------------+----------------------------------------------------------------------------------------------------+---------+


+---------------------------------------------------------+
; Analysis & Synthesis Resource Usage Summary             ;
+---------------------------------------------+-----------+
; Resource                                    ; Usage     ;
+---------------------------------------------+-----------+
; Estimated Total logic elements              ; 557       ;
;                                             ;           ;
; Total combinational functions               ; 449       ;
; Logic element usage by number of LUT inputs ;           ;
;     -- 4 input functions                    ; 161       ;
;     -- 3 input functions                    ; 43        ;
;     -- <=2 input functions                  ; 245       ;
;                                             ;           ;
; Logic elements by mode                      ;           ;
;     -- normal mode                          ; 244       ;
;     -- arithmetic mode                      ; 205       ;
;                                             ;           ;
; Total registers                             ; 359       ;
;     -- Dedicated logic registers            ; 359       ;
;     -- I/O registers                        ; 0         ;
;                                             ;           ;
; I/O pins                                    ; 54        ;
;                                             ;           ;
; Embedded Multiplier 9-bit elements          ; 0         ;
;                                             ;           ;
; Maximum fan-out node                        ; CLK~input ;
; Maximum fan-out                             ; 359       ;
; Total fan-out                               ; 2680      ;
; Average fan-out                             ; 2.88      ;
+---------------------------------------------+-----------+


+-------------------------------------------------------------------------------------------------------------------------------------------------------------------------------------------------------+
; Analysis & Synthesis Resource Utilization by Entity                                                                                                                                                   ;
+----------------------------+-------------------+--------------+-------------+------------+--------------+---------+-----------+------+--------------+------------+---------------------+--------------+
; Compilation Hierarchy Node ; LC Combinationals ; LC Registers ; Memory Bits ; UFM Blocks ; DSP Elements ; DSP 9x9 ; DSP 18x18 ; Pins ; Virtual Pins ; ADC blocks ; Full Hierarchy Name ; Library Name ;
+----------------------------+-------------------+--------------+-------------+------------+--------------+---------+-----------+------+--------------+------------+---------------------+--------------+
; |ECIDME_Pro                ; 449 (449)         ; 359 (359)    ; 0           ; 0          ; 0            ; 0       ; 0         ; 54   ; 0            ; 0          ; |ECIDME_Pro         ; work         ;
+----------------------------+-------------------+--------------+-------------+------------+--------------+---------+-----------+------+--------------+------------+---------------------+--------------+
Note: For table entries with two numbers listed, the numbers in parentheses indicate the number of resources of the given type used by the specific entity alone. The numbers listed outside of parentheses indicate the total resources of the given type used by the specific entity and all of its sub-entities in the hierarchy.


Encoding Type:  One-Hot
+--------------------------------------------------------------------------------------------------------------------------------------------------------------------------------------------------------------------------------------------------------------------+
; State Machine - |ECIDME_Pro|PHASE_FALLING_PRESENT_STATE                                                                                                                                                                                                            ;
+----------------------------------------------------+----------------------------------------------------+--------------------------------------------------+---------------------------------------------------+---------------------------------------------------+
; Name                                               ; PHASE_FALLING_PRESENT_STATE.PHASE_STATE_TYPE_DELTA ; PHASE_FALLING_PRESENT_STATE.PHASE_STATE_TYPE_LAG ; PHASE_FALLING_PRESENT_STATE.PHASE_STATE_TYPE_LEAD ; PHASE_FALLING_PRESENT_STATE.PHASE_STATE_TYPE_IDLE ;
+----------------------------------------------------+----------------------------------------------------+--------------------------------------------------+---------------------------------------------------+---------------------------------------------------+
; PHASE_FALLING_PRESENT_STATE.PHASE_STATE_TYPE_IDLE  ; 0                                                  ; 0                                                ; 0                                                 ; 0                                                 ;
; PHASE_FALLING_PRESENT_STATE.PHASE_STATE_TYPE_LEAD  ; 0                                                  ; 0                                                ; 1                                                 ; 1                                                 ;
; PHASE_FALLING_PRESENT_STATE.PHASE_STATE_TYPE_LAG   ; 0                                                  ; 1                                                ; 0                                                 ; 1                                                 ;
; PHASE_FALLING_PRESENT_STATE.PHASE_STATE_TYPE_DELTA ; 1                                                  ; 0                                                ; 0                                                 ; 1                                                 ;
+----------------------------------------------------+----------------------------------------------------+--------------------------------------------------+---------------------------------------------------+---------------------------------------------------+


Encoding Type:  One-Hot
+---------------------------------------------------------------------------------------------------------------------------------------------------------------------------------------------------------------------------------------------------------------+
; State Machine - |ECIDME_Pro|PHASE_RISING_PRESENT_STATE                                                                                                                                                                                                        ;
+---------------------------------------------------+---------------------------------------------------+-------------------------------------------------+--------------------------------------------------+--------------------------------------------------+
; Name                                              ; PHASE_RISING_PRESENT_STATE.PHASE_STATE_TYPE_DELTA ; PHASE_RISING_PRESENT_STATE.PHASE_STATE_TYPE_LAG ; PHASE_RISING_PRESENT_STATE.PHASE_STATE_TYPE_LEAD ; PHASE_RISING_PRESENT_STATE.PHASE_STATE_TYPE_IDLE ;
+---------------------------------------------------+---------------------------------------------------+-------------------------------------------------+--------------------------------------------------+--------------------------------------------------+
; PHASE_RISING_PRESENT_STATE.PHASE_STATE_TYPE_IDLE  ; 0                                                 ; 0                                               ; 0                                                ; 0                                                ;
; PHASE_RISING_PRESENT_STATE.PHASE_STATE_TYPE_LEAD  ; 0                                                 ; 0                                               ; 1                                                ; 1                                                ;
; PHASE_RISING_PRESENT_STATE.PHASE_STATE_TYPE_LAG   ; 0                                                 ; 1                                               ; 0                                                ; 1                                                ;
; PHASE_RISING_PRESENT_STATE.PHASE_STATE_TYPE_DELTA ; 1                                                 ; 0                                               ; 0                                                ; 1                                                ;
+---------------------------------------------------+---------------------------------------------------+-------------------------------------------------+--------------------------------------------------+--------------------------------------------------+


+---------------------------------------------------------------------------------+
; Registers Removed During Synthesis                                              ;
+----------------------------------------+----------------------------------------+
; Register name                          ; Reason for Removal                     ;
+----------------------------------------+----------------------------------------+
; PHASE_FALLING_DIFF[13..15]             ; Stuck at GND due to stuck port data_in ;
; PHASE_RISING_DIFF[13..15]              ; Stuck at GND due to stuck port data_in ;
; PHASE_FALLING_PRESENT_STATE~4          ; Lost fanout                            ;
; PHASE_FALLING_PRESENT_STATE~5          ; Lost fanout                            ;
; PHASE_RISING_PRESENT_STATE~4           ; Lost fanout                            ;
; PHASE_RISING_PRESENT_STATE~5           ; Lost fanout                            ;
; COUNTER_0[0]                           ; Merged with COUNTER_1[0]               ;
; COUNTER_0[1]                           ; Merged with COUNTER_1[1]               ;
; Total Number of Removed Registers = 12 ;                                        ;
+----------------------------------------+----------------------------------------+


+------------------------------------------------------+
; General Register Statistics                          ;
+----------------------------------------------+-------+
; Statistic                                    ; Value ;
+----------------------------------------------+-------+
; Total registers                              ; 359   ;
; Number of registers using Synchronous Clear  ; 128   ;
; Number of registers using Synchronous Load   ; 0     ;
; Number of registers using Asynchronous Clear ; 253   ;
; Number of registers using Asynchronous Load  ; 0     ;
; Number of registers using Clock Enable       ; 222   ;
; Number of registers using Preset             ; 0     ;
+----------------------------------------------+-------+


+--------------------------------------------------+
; Inverted Register Statistics                     ;
+----------------------------------------+---------+
; Inverted Register                      ; Fan out ;
+----------------------------------------+---------+
; nPOWER_FAULT_BUF                       ; 4       ;
; nMOS_FAULT_BUF                         ; 4       ;
; nSINK_TEMP_CHECK_BUF                   ; 2       ;
; RESONANCE_LEVEL_DETECT_BUF             ; 2       ;
; Total number of inverted registers = 4 ;         ;
+----------------------------------------+---------+


+-----------------------------------------------------------------------------------------------------------------------------------------------------+
; Multiplexer Restructuring Statistics (Restructuring Performed)                                                                                      ;
+--------------------+-----------+---------------+----------------------+------------------------+------------+---------------------------------------+
; Multiplexer Inputs ; Bus Width ; Baseline Area ; Area if Restructured ; Saving if Restructured ; Registered ; Example Multiplexer Output            ;
+--------------------+-----------+---------------+----------------------+------------------------+------------+---------------------------------------+
; 3:1                ; 28 bits   ; 56 LEs        ; 28 LEs               ; 28 LEs                 ; Yes        ; |ECIDME_Pro|KEY_COUNTER_0[21]         ;
; 3:1                ; 19 bits   ; 38 LEs        ; 19 LEs               ; 19 LEs                 ; Yes        ; |ECIDME_Pro|KEY_COUNTER_1[8]          ;
; 3:1                ; 19 bits   ; 38 LEs        ; 19 LEs               ; 19 LEs                 ; Yes        ; |ECIDME_Pro|KEY_COUNTER_2[18]         ;
; 3:1                ; 19 bits   ; 38 LEs        ; 19 LEs               ; 19 LEs                 ; Yes        ; |ECIDME_Pro|KEY_COUNTER_3[0]          ;
; 3:1                ; 19 bits   ; 38 LEs        ; 19 LEs               ; 19 LEs                 ; Yes        ; |ECIDME_Pro|KEY_COUNTER_4[16]         ;
; 4:1                ; 12 bits   ; 24 LEs        ; 12 LEs               ; 12 LEs                 ; Yes        ; |ECIDME_Pro|PHASE_FALLING_COUNTER[10] ;
; 4:1                ; 12 bits   ; 24 LEs        ; 12 LEs               ; 12 LEs                 ; Yes        ; |ECIDME_Pro|PHASE_RISING_COUNTER[1]   ;
; 64:1               ; 3 bits    ; 126 LEs       ; 24 LEs               ; 102 LEs                ; No         ; |ECIDME_Pro|XDATA_OUT[13]             ;
; 64:1               ; 3 bits    ; 126 LEs       ; 27 LEs               ; 99 LEs                 ; No         ; |ECIDME_Pro|XDATA_OUT[12]             ;
; 64:1               ; 6 bits    ; 252 LEs       ; 42 LEs               ; 210 LEs                ; No         ; |ECIDME_Pro|XDATA_OUT[8]              ;
; 64:1               ; 4 bits    ; 168 LEs       ; 24 LEs               ; 144 LEs                ; No         ; |ECIDME_Pro|XDATA_OUT[2]              ;
+--------------------+-----------+---------------+----------------------+------------------------+------------+---------------------------------------+


+----------------------------------------------------------------------------+
; Parameter Settings for User Entity Instance: Top-level Entity: |ECIDME_Pro ;
+----------------+------------------+----------------------------------------+
; Parameter Name ; Value            ; Type                                   ;
+----------------+------------------+----------------------------------------+
; VERSION        ; 0001000000001001 ; Unsigned Binary                        ;
+----------------+------------------+----------------------------------------+
Note: In order to hide this table in the UI and the text report file, please set the "Show Parameter Settings in Synthesis Report" option in "Analysis and Synthesis Settings -> More Settings" to "Off".


+-----------------------------------------------------+
; Post-Synthesis Netlist Statistics for Top Partition ;
+-----------------------+-----------------------------+
; Type                  ; Count                       ;
+-----------------------+-----------------------------+
; boundary_port         ; 54                          ;
; cycloneiii_ff         ; 359                         ;
;     CLR               ; 81                          ;
;     ENA               ; 26                          ;
;     ENA CLR           ; 68                          ;
;     ENA CLR SCLR      ; 104                         ;
;     ENA SCLR          ; 24                          ;
;     plain             ; 56                          ;
; cycloneiii_io_obuf    ; 16                          ;
; cycloneiii_lcell_comb ; 452                         ;
;     arith             ; 205                         ;
;         2 data inputs ; 202                         ;
;         3 data inputs ; 3                           ;
;     normal            ; 247                         ;
;         0 data inputs ; 2                           ;
;         1 data inputs ; 13                          ;
;         2 data inputs ; 31                          ;
;         3 data inputs ; 40                          ;
;         4 data inputs ; 161                         ;
;                       ;                             ;
; Max LUT depth         ; 4.20                        ;
; Average LUT depth     ; 2.42                        ;
+-----------------------+-----------------------------+


+-------------------------------+
; Elapsed Time Per Partition    ;
+----------------+--------------+
; Partition Name ; Elapsed Time ;
+----------------+--------------+
; Top            ; 00:00:01     ;
+----------------+--------------+


+-------------------------------+
; Analysis & Synthesis Messages ;
+-------------------------------+
Info: *******************************************************************
Info: Running Quartus II 64-Bit Analysis & Synthesis
    Info: Version 15.0.0 Build 145 04/22/2015 SJ Full Version
    Info: Processing started: Tue Aug 04 16:43:43 2020
Info: Command: quartus_map --read_settings_files=on --write_settings_files=off ECIDME_Pro -c ECIDME_Pro
Info (20030): Parallel compilation is enabled and will use 4 of the 4 processors detected
Info (12021): Found 1 design units, including 1 entities, in source file src/ecidme_pro.v
    Info (12023): Found entity 1: ECIDME_Pro
Warning (10222): Verilog HDL Parameter Declaration warning at ECIDME_Pro.v(144): Parameter Declaration in module "ECIDME_Pro" behaves as a Local Parameter Declaration because the module has a Module Parameter Port List
Info (12127): Elaborating entity "ECIDME_Pro" for the top level hierarchy
Warning (10036): Verilog HDL or VHDL warning at ECIDME_Pro.v(81): object "Current_LEVEL_REF" assigned a value but never read
Warning (10036): Verilog HDL or VHDL warning at ECIDME_Pro.v(83): object "UP_MOS_THRESHOLD" assigned a value but never read
Warning (10036): Verilog HDL or VHDL warning at ECIDME_Pro.v(84): object "DOWN_MOS_THRESHOLD" assigned a value but never read
Warning (10036): Verilog HDL or VHDL warning at ECIDME_Pro.v(89): object "Multiplier_Cal" assigned a value but never read
Warning (10036): Verilog HDL or VHDL warning at ECIDME_Pro.v(92): object "POWER_ENABLE" assigned a value but never read
Warning (10036): Verilog HDL or VHDL warning at ECIDME_Pro.v(102): object "RESET_ALL" assigned a value but never read
Warning (10036): Verilog HDL or VHDL warning at ECIDME_Pro.v(114): object "Fre_Resonance_I" assigned a value but never read
Warning (10240): Verilog HDL Always Construct warning at ECIDME_Pro.v(192): inferring latch(es) for variable "PANEL_LED_YELLOW_BUF", which holds its previous value in one or more paths through the always construct
Warning (10240): Verilog HDL Always Construct warning at ECIDME_Pro.v(192): inferring latch(es) for variable "PANEL_LED_RED_BUF", which holds its previous value in one or more paths through the always construct
Warning (10240): Verilog HDL Always Construct warning at ECIDME_Pro.v(192): inferring latch(es) for variable "PANEL_LED_GREEN_BUF", which holds its previous value in one or more paths through the always construct
Warning (10230): Verilog HDL assignment warning at ECIDME_Pro.v(576): truncated value with size 32 to match size of target (24)
Warning (10230): Verilog HDL assignment warning at ECIDME_Pro.v(626): truncated value with size 32 to match size of target (28)
Warning (10230): Verilog HDL assignment warning at ECIDME_Pro.v(656): truncated value with size 32 to match size of target (19)
Warning (10230): Verilog HDL assignment warning at ECIDME_Pro.v(685): truncated value with size 32 to match size of target (19)
Warning (10230): Verilog HDL assignment warning at ECIDME_Pro.v(714): truncated value with size 32 to match size of target (19)
Warning (10230): Verilog HDL assignment warning at ECIDME_Pro.v(743): truncated value with size 32 to match size of target (19)
Warning (10230): Verilog HDL assignment warning at ECIDME_Pro.v(772): truncated value with size 32 to match size of target (14)
Warning (10230): Verilog HDL assignment warning at ECIDME_Pro.v(798): truncated value with size 32 to match size of target (19)
Warning (10230): Verilog HDL assignment warning at ECIDME_Pro.v(824): truncated value with size 32 to match size of target (19)
Warning (10034): Output port "TP21" at ECIDME_Pro.v(64) has no driver
Info (10041): Inferred latch for "PANEL_LED_GREEN_BUF" at ECIDME_Pro.v(192)
Info (10041): Inferred latch for "PANEL_LED_RED_BUF" at ECIDME_Pro.v(192)
Info (10041): Inferred latch for "PANEL_LED_YELLOW_BUF" at ECIDME_Pro.v(192)
Info (13000): Registers with preset signals will power-up high
Info (13003): DEV_CLRn pin will set, and not reset, register with preset signal due to NOT Gate Push-Back
Warning (13024): Output pins are stuck at VCC or GND
    Warning (13410): Pin "Panel_LED_YELLOW" is stuck at VCC
    Warning (13410): Pin "Panel_LED_GREEN" is stuck at VCC
    Warning (13410): Pin "Panel_LED_RED" is stuck at VCC
    Warning (13410): Pin "TP21" is stuck at GND
Info (286030): Timing-Driven Synthesis is running
Info (17049): 4 registers lost all their fanouts during netlist optimizations.
Info (144001): Generated suppressed messages file F:/Ecidme/project_vhdl2verilog/project_vhdl2verilog/Project/ECIDME_Pro/ECIDME_Pro/output_files/ECIDME_Pro.map.smsg
Info (16010): Generating hard_block partition "hard_block:auto_generated_inst"
    Info (16011): Adding 0 node(s), including 0 DDIO, 0 PLL, 0 transceiver and 0 LCELL
Warning (21074): Design contains 2 input pin(s) that do not drive logic
    Warning (15610): No output dependent on input pin "HP_SW_DETECT_LEVEL2"
    Warning (15610): No output dependent on input pin "HP_SW_DETECT_LEVEL3"
Info (21057): Implemented 616 device resources after synthesis - the final resource count might be different
    Info (21058): Implemented 28 input pins
    Info (21059): Implemented 10 output pins
    Info (21060): Implemented 16 bidirectional pins
    Info (21061): Implemented 562 logic cells
Info: Quartus II 64-Bit Analysis & Synthesis was successful. 0 errors, 29 warnings
    Info: Peak virtual memory: 690 megabytes
    Info: Processing ended: Tue Aug 04 16:43:54 2020
    Info: Elapsed time: 00:00:11
    Info: Total CPU time (on all processors): 00:00:19


+------------------------------------------+
; Analysis & Synthesis Suppressed Messages ;
+------------------------------------------+
The suppressed messages can be found in F:/Ecidme/project_vhdl2verilog/project_vhdl2verilog/Project/ECIDME_Pro/ECIDME_Pro/output_files/ECIDME_Pro.map.smsg.


